<?xml version="1.0" encoding="UTF-8"?>
<!-- Generated by org.testng.reporters.JUnitReportReporter -->
<testsuite skipped="0" hostname="LAPTOP-1K1MGNJQ" name="comm.TestScriptsPackage.TC006_MoverHover_more" tests="1" failures="0" timestamp="2020-09-02T15:30:20 CEST" time="19.485" errors="0">
  <testcase name="MouseOver" time="19.485" classname="comm.TestScriptsPackage.TC006_MoverHover_more"/>
  <system-out/>
</testsuite> <!-- comm.TestScriptsPackage.TC006_MoverHover_more -->
