<?xml version="1.0" encoding="UTF-8"?>
<!-- Generated by org.testng.reporters.JUnitReportReporter -->
<testsuite skipped="0" hostname="LAPTOP-1K1MGNJQ" name="comm.TestScriptsPackage.TC003_MouseOver" tests="1" failures="0" timestamp="2020-09-02T20:46:56 CEST" time="20.718" errors="0">
  <testcase name="MouseOver" time="20.718" classname="comm.TestScriptsPackage.TC003_MouseOver"/>
  <system-out/>
</testsuite> <!-- comm.TestScriptsPackage.TC003_MouseOver -->
