<?xml version="1.0" encoding="UTF-8"?>
<!-- Generated by org.testng.reporters.JUnitReportReporter -->
<testsuite skipped="0" hostname="LAPTOP-1K1MGNJQ" name="comm.TestScriptsPackage.Tc002_Seacrh_Shoes" tests="1" failures="0" timestamp="2020-08-31T23:29:36 CEST" time="13.159" errors="0">
  <testcase name="seacrh_mobile" time="13.159" classname="comm.TestScriptsPackage.Tc002_Seacrh_Shoes"/>
  <system-out/>
</testsuite> <!-- comm.TestScriptsPackage.Tc002_Seacrh_Shoes -->
