<?xml version="1.0" encoding="UTF-8"?>
<!-- Generated by org.testng.reporters.JUnitReportReporter -->
<testsuite skipped="0" hostname="LAPTOP-1K1MGNJQ" name="comm.TestScriptsPackage.TC001_Seacrh_Mobile" tests="1" failures="0" timestamp="2020-08-31T23:29:36 CEST" time="15.008" errors="0">
  <testcase name="seacrh_mobile" time="15.008" classname="comm.TestScriptsPackage.TC001_Seacrh_Mobile"/>
  <system-out/>
</testsuite> <!-- comm.TestScriptsPackage.TC001_Seacrh_Mobile -->
