<?xml version="1.0" encoding="UTF-8"?>
<!-- Generated by org.testng.reporters.JUnitReportReporter -->
<testsuite skipped="0" hostname="LAPTOP-1K1MGNJQ" name="comm.TestScriptsPackage.Tc007_Draganddrop" tests="1" failures="0" timestamp="2020-09-02T16:53:20 CEST" time="21.063" errors="0">
  <testcase name="DragDropsec" time="21.063" classname="comm.TestScriptsPackage.Tc007_Draganddrop"/>
  <system-out/>
</testsuite> <!-- comm.TestScriptsPackage.Tc007_Draganddrop -->
